0 info it worked if it ends with ok
1 verbose cli [ '/home/laurainne/nvm/v0.8.4/bin/node',
1 verbose cli   '/home/laurainne/nvm/v0.8.4/bin/npm',
1 verbose cli   'start' ]
2 info using npm@1.1.45
3 info using node@v0.8.4
4 verbose config file /home/laurainne/.npmrc
5 verbose config file /home/laurainne/nvm/v0.8.4/etc/npmrc
6 verbose config file /home/laurainne/nvm/v0.8.4/lib/node_modules/npm/npmrc
7 verbose read json /home/laurainne/Code/donezo/package.json
8 verbose run-script [ 'prestart', 'start', 'poststart' ]
9 info prestart donezo@0.0.1
10 info start donezo@0.0.1
11 verbose unsafe-perm in lifecycle true
12 silly exec sh "-c" "node server.js"
13 silly sh,-c,node server.js,/home/laurainne/Code/donezo spawning
14 info donezo@0.0.1 Failed to exec start script
15 error donezo@0.0.1 start: `node server.js`
15 error `sh "-c" "node server.js"` failed with 1
16 error Failed at the donezo@0.0.1 start script.
16 error This is most likely a problem with the donezo package,
16 error not with npm itself.
16 error Tell the author that this fails on your system:
16 error     node server.js
16 error You can get their info via:
16 error     npm owner ls donezo
16 error There is likely additional logging output above.
17 error System Linux 3.2.0-29-generic
18 error command "/home/laurainne/nvm/v0.8.4/bin/node" "/home/laurainne/nvm/v0.8.4/bin/npm" "start"
19 error cwd /home/laurainne/Code/donezo
20 error node -v v0.8.4
21 error npm -v 1.1.45
22 error code ELIFECYCLE
23 verbose exit [ 1, true ]
